@0000000000000000
12411243167C12876E0264016200E06A
9FFF6E057A105BAA5C4264046203720F
14A11483D6D1D4A1D652D46462097E11
7216E2617A1478137412DA76620AD873
03FD127F14A556E064066207BA161B6D
74161481640D080105F903FD14BA1267
7A186A08C0C0E6025B6D7C1748326C00
18C2265624161261E22F7A19F08D6A08
781A681B36783479E24616FE14AB781A
526014A36505E9FF761CA61D761DE630
620B7780EC34664B1221721E12697505
0401EDA1122273814080E4366208060D
22066208C1C09DFF0FFF7382EC281241
002A270F000A00700000680066062408
5460AE8598840D0D0BAD00030007BAC8
00000000000000000000000006460005
00000000000000000000000000000000
9B7F6A0B011C00000000000000000000
0000C1C01243660CC1C0
